This is pdfTeX, Version 3.14159265-2.6-1.40.19 (TeX Live 2018/W32TeX) (preloaded format=pdflatex 2018.9.27)  19 OCT 2018 19:32
entering extended mode
 restricted \write18 enabled.
 %&-line parsing enabled.
**cognome_nome_laurea_aa.tex
(./cognome_nome_laurea_aa.tex
LaTeX2e <2018-04-01> patch level 5
(c:/texlive/2018/texmf-dist/tex/latex/base/book.cls
Document Class: book 2014/09/29 v1.4h Standard LaTeX document class
(c:/texlive/2018/texmf-dist/tex/latex/base/bk11.clo
File: bk11.clo 2014/09/29 v1.4h Standard LaTeX file (size option)
)
\c@part=\count80
\c@chapter=\count81
\c@section=\count82
\c@subsection=\count83
\c@subsubsection=\count84
\c@paragraph=\count85
\c@subparagraph=\count86
\c@figure=\count87
\c@table=\count88
\abovecaptionskip=\skip41
\belowcaptionskip=\skip42
\bibindent=\dimen102
)
(c:/texlive/2018/texmf-dist/tex/latex/fancyhdr/fancyhdr.sty
Package: fancyhdr 2017/06/30 v3.9a Extensive control of page headers and footer
s
\f@nch@headwidth=\skip43
\f@nch@O@elh=\skip44
\f@nch@O@erh=\skip45
\f@nch@O@olh=\skip46
\f@nch@O@orh=\skip47
\f@nch@O@elf=\skip48
\f@nch@O@erf=\skip49
\f@nch@O@olf=\skip50
\f@nch@O@orf=\skip51
)
(c:/texlive/2018/texmf-dist/tex/latex/graphics/graphicx.sty
Package: graphicx 2017/06/01 v1.1a Enhanced LaTeX Graphics (DPC,SPQR)

(c:/texlive/2018/texmf-dist/tex/latex/graphics/keyval.sty
Package: keyval 2014/10/28 v1.15 key=value parser (DPC)
\KV@toks@=\toks14
)
(c:/texlive/2018/texmf-dist/tex/latex/graphics/graphics.sty
Package: graphics 2017/06/25 v1.2c Standard LaTeX Graphics (DPC,SPQR)

(c:/texlive/2018/texmf-dist/tex/latex/graphics/trig.sty
Package: trig 2016/01/03 v1.10 sin cos tan (DPC)
)
(c:/texlive/2018/texmf-dist/tex/latex/graphics-cfg/graphics.cfg
File: graphics.cfg 2016/06/04 v1.11 sample graphics configuration
)
Package graphics Info: Driver file: pdftex.def on input line 99.

(c:/texlive/2018/texmf-dist/tex/latex/graphics-def/pdftex.def
File: pdftex.def 2018/01/08 v1.0l Graphics/color driver for pdftex
))
\Gin@req@height=\dimen103
\Gin@req@width=\dimen104
)
(c:/texlive/2018/texmf-dist/tex/latex/mathtools/mathtools.sty
Package: mathtools 2018/01/08 v1.21 mathematical typesetting tools

(c:/texlive/2018/texmf-dist/tex/latex/tools/calc.sty
Package: calc 2017/05/25 v4.3 Infix arithmetic (KKT,FJ)
\calc@Acount=\count89
\calc@Bcount=\count90
\calc@Adimen=\dimen105
\calc@Bdimen=\dimen106
\calc@Askip=\skip52
\calc@Bskip=\skip53
LaTeX Info: Redefining \setlength on input line 80.
LaTeX Info: Redefining \addtolength on input line 81.
\calc@Ccount=\count91
\calc@Cskip=\skip54
)
(c:/texlive/2018/texmf-dist/tex/latex/mathtools/mhsetup.sty
Package: mhsetup 2017/03/31 v1.3 programming setup (MH)
)
(c:/texlive/2018/texmf-dist/tex/latex/amsmath/amsmath.sty
Package: amsmath 2017/09/02 v2.17a AMS math features
\@mathmargin=\skip55

For additional information on amsmath, use the `?' option.
(c:/texlive/2018/texmf-dist/tex/latex/amsmath/amstext.sty
Package: amstext 2000/06/29 v2.01 AMS text

(c:/texlive/2018/texmf-dist/tex/latex/amsmath/amsgen.sty
File: amsgen.sty 1999/11/30 v2.0 generic functions
\@emptytoks=\toks15
\ex@=\dimen107
))
(c:/texlive/2018/texmf-dist/tex/latex/amsmath/amsbsy.sty
Package: amsbsy 1999/11/29 v1.2d Bold Symbols
\pmbraise@=\dimen108
)
(c:/texlive/2018/texmf-dist/tex/latex/amsmath/amsopn.sty
Package: amsopn 2016/03/08 v2.02 operator names
)
\inf@bad=\count92
LaTeX Info: Redefining \frac on input line 213.
\uproot@=\count93
\leftroot@=\count94
LaTeX Info: Redefining \overline on input line 375.
\classnum@=\count95
\DOTSCASE@=\count96
LaTeX Info: Redefining \ldots on input line 472.
LaTeX Info: Redefining \dots on input line 475.
LaTeX Info: Redefining \cdots on input line 596.
\Mathstrutbox@=\box26
\strutbox@=\box27
\big@size=\dimen109
LaTeX Font Info:    Redeclaring font encoding OML on input line 712.
LaTeX Font Info:    Redeclaring font encoding OMS on input line 713.
\macc@depth=\count97
\c@MaxMatrixCols=\count98
\dotsspace@=\muskip10
\c@parentequation=\count99
\dspbrk@lvl=\count100
\tag@help=\toks16
\row@=\count101
\column@=\count102
\maxfields@=\count103
\andhelp@=\toks17
\eqnshift@=\dimen110
\alignsep@=\dimen111
\tagshift@=\dimen112
\tagwidth@=\dimen113
\totwidth@=\dimen114
\lineht@=\dimen115
\@envbody=\toks18
\multlinegap=\skip56
\multlinetaggap=\skip57
\mathdisplay@stack=\toks19
LaTeX Info: Redefining \[ on input line 2817.
LaTeX Info: Redefining \] on input line 2818.
)
LaTeX Info: Thecontrolsequence`\('isalreadyrobust on input line 129.
LaTeX Info: Thecontrolsequence`\)'isalreadyrobust on input line 129.
LaTeX Info: Thecontrolsequence`\['isalreadyrobust on input line 129.
LaTeX Info: Thecontrolsequence`\]'isalreadyrobust on input line 129.
\g_MT_multlinerow_int=\count104
\l_MT_multwidth_dim=\dimen116
\origjot=\skip58
\l_MT_shortvdotswithinadjustabove_dim=\dimen117
\l_MT_shortvdotswithinadjustbelow_dim=\dimen118
\l_MT_above_intertext_sep=\dimen119
\l_MT_below_intertext_sep=\dimen120
\l_MT_above_shortintertext_sep=\dimen121
\l_MT_below_shortintertext_sep=\dimen122
)
(c:/texlive/2018/texmf-dist/tex/latex/lipsum/lipsum.sty
Package: lipsum 2014/07/27 v1.3 150 paragraphs of Lorem Ipsum dummy text
\c@lips@count=\count105
)
(c:/texlive/2018/texmf-dist/tex/latex/caption/caption.sty
Package: caption 2018/05/01 v3.3-147 Customizing captions (AR)

(c:/texlive/2018/texmf-dist/tex/latex/caption/caption3.sty
Package: caption3 2018/05/27 v1.8a caption3 kernel (AR)
Package caption3 Info: TeX engine: e-TeX on input line 64.
\captionmargin=\dimen123
\captionmargin@=\dimen124
\captionwidth=\dimen125
\caption@tempdima=\dimen126
\caption@indent=\dimen127
\caption@parindent=\dimen128
\caption@hangindent=\dimen129
)
\c@ContinuedFloat=\count106
)
(c:/texlive/2018/texmf-dist/tex/latex/graphics/epsfig.sty
Package: epsfig 2017/06/25 v1.7b (e)psfig emulation (SPQR)
\epsfxsize=\dimen130
\epsfysize=\dimen131
)
(c:/texlive/2018/texmf-dist/tex/latex/carlisle/plain.sty
Package: plain 1996/04/22 Plain TeX emulation (DPC)
\tabs@latex=\box28
\tabsyet@latex=\box29
\tabsdone@latex=\box30
)
(c:/texlive/2018/texmf-dist/tex/latex/setspace/setspace.sty
Package: setspace 2011/12/19 v6.7a set line spacing
)
(c:/texlive/2018/texmf-dist/tex/latex/hyperref/hyperref.sty
Package: hyperref 2018/02/06 v6.86b Hypertext links for LaTeX

(c:/texlive/2018/texmf-dist/tex/generic/oberdiek/hobsub-hyperref.sty
Package: hobsub-hyperref 2016/05/16 v1.14 Bundle oberdiek, subset hyperref (HO)


(c:/texlive/2018/texmf-dist/tex/generic/oberdiek/hobsub-generic.sty
Package: hobsub-generic 2016/05/16 v1.14 Bundle oberdiek, subset generic (HO)
Package: hobsub 2016/05/16 v1.14 Construct package bundles (HO)
Package: infwarerr 2016/05/16 v1.4 Providing info/warning/error messages (HO)
Package: ltxcmds 2016/05/16 v1.23 LaTeX kernel commands for general use (HO)
Package: ifluatex 2016/05/16 v1.4 Provides the ifluatex switch (HO)
Package ifluatex Info: LuaTeX not detected.
Package: ifvtex 2016/05/16 v1.6 Detect VTeX and its facilities (HO)
Package ifvtex Info: VTeX not detected.
Package: intcalc 2016/05/16 v1.2 Expandable calculations with integers (HO)
Package: ifpdf 2018/09/07 v3.3 Provides the ifpdf switch
Package: etexcmds 2016/05/16 v1.6 Avoid name clashes with e-TeX commands (HO)
Package etexcmds Info: Could not find \expanded.
(etexcmds)             That can mean that you are not using pdfTeX 1.50 or
(etexcmds)             that some package has redefined \expanded.
(etexcmds)             In the latter case, load this package earlier.
Package: kvsetkeys 2016/05/16 v1.17 Key value parser (HO)
Package: kvdefinekeys 2016/05/16 v1.4 Define keys (HO)
Package: pdftexcmds 2018/09/10 v0.29 Utility functions of pdfTeX for LuaTeX (HO
)
Package pdftexcmds Info: LuaTeX not detected.
Package pdftexcmds Info: \pdf@primitive is available.
Package pdftexcmds Info: \pdf@ifprimitive is available.
Package pdftexcmds Info: \pdfdraftmode found.
Package: pdfescape 2016/05/16 v1.14 Implements pdfTeX's escape features (HO)
Package: bigintcalc 2016/05/16 v1.4 Expandable calculations on big integers (HO
)
Package: bitset 2016/05/16 v1.2 Handle bit-vector datatype (HO)
Package: uniquecounter 2016/05/16 v1.3 Provide unlimited unique counter (HO)
)
Package hobsub Info: Skipping package `hobsub' (already loaded).
Package: letltxmacro 2016/05/16 v1.5 Let assignment for LaTeX macros (HO)
Package: hopatch 2016/05/16 v1.3 Wrapper for package hooks (HO)
Package: xcolor-patch 2016/05/16 xcolor patch
Package: atveryend 2016/05/16 v1.9 Hooks at the very end of document (HO)
Package atveryend Info: \enddocument detected (standard20110627).
Package: atbegshi 2016/06/09 v1.18 At begin shipout hook (HO)
Package: refcount 2016/05/16 v3.5 Data extraction from label references (HO)
Package: hycolor 2016/05/16 v1.8 Color options for hyperref/bookmark (HO)
)
(c:/texlive/2018/texmf-dist/tex/generic/ifxetex/ifxetex.sty
Package: ifxetex 2010/09/12 v0.6 Provides ifxetex conditional
)
(c:/texlive/2018/texmf-dist/tex/latex/oberdiek/auxhook.sty
Package: auxhook 2016/05/16 v1.4 Hooks for auxiliary files (HO)
)
(c:/texlive/2018/texmf-dist/tex/latex/oberdiek/kvoptions.sty
Package: kvoptions 2016/05/16 v3.12 Key value format for package options (HO)
)
\@linkdim=\dimen132
\Hy@linkcounter=\count107
\Hy@pagecounter=\count108

(c:/texlive/2018/texmf-dist/tex/latex/hyperref/pd1enc.def
File: pd1enc.def 2018/02/06 v6.86b Hyperref: PDFDocEncoding definition (HO)
Now handling font encoding PD1 ...
... no UTF-8 mapping file for font encoding PD1
)
\Hy@SavedSpaceFactor=\count109

(c:/texlive/2018/texmf-dist/tex/latex/latexconfig/hyperref.cfg
File: hyperref.cfg 2002/06/06 v1.2 hyperref configuration of TeXLive
)
Package hyperref Info: Option `verbose' set `true' on input line 4383.
Package hyperref Info: Hyper figures OFF on input line 4509.
Package hyperref Info: Link nesting OFF on input line 4514.
Package hyperref Info: Hyper index ON on input line 4517.
Package hyperref Info: Plain pages OFF on input line 4524.
Package hyperref Info: Backreferencing OFF on input line 4529.
Package hyperref Info: Implicit mode ON; LaTeX internals redefined.
Package hyperref Info: Bookmarks ON on input line 4762.
\c@Hy@tempcnt=\count110

(c:/texlive/2018/texmf-dist/tex/latex/url/url.sty
\Urlmuskip=\muskip11
Package: url 2013/09/16  ver 3.4  Verb mode for urls, etc.
)
LaTeX Info: Redefining \url on input line 5115.
\XeTeXLinkMargin=\dimen133
\Fld@menulength=\count111
\Field@Width=\dimen134
\Fld@charsize=\dimen135
Package hyperref Info: Hyper figures OFF on input line 6369.
Package hyperref Info: Link nesting OFF on input line 6374.
Package hyperref Info: Hyper index ON on input line 6377.
Package hyperref Info: backreferencing OFF on input line 6384.
Package hyperref Info: Link coloring OFF on input line 6389.
Package hyperref Info: Link coloring with OCG OFF on input line 6394.
Package hyperref Info: PDF/A mode OFF on input line 6399.
LaTeX Info: Redefining \ref on input line 6439.
LaTeX Info: Redefining \pageref on input line 6443.
\Hy@abspage=\count112
\c@Item=\count113
\c@Hfootnote=\count114
)
Package hyperref Info: Driver (autodetected): hpdftex.

(c:/texlive/2018/texmf-dist/tex/latex/hyperref/hpdftex.def
File: hpdftex.def 2018/02/06 v6.86b Hyperref driver for pdfTeX
\Fld@listcount=\count115
\c@bookmark@seq@number=\count116

(c:/texlive/2018/texmf-dist/tex/latex/oberdiek/rerunfilecheck.sty
Package: rerunfilecheck 2016/05/16 v1.8 Rerun checks for auxiliary files (HO)
Package uniquecounter Info: New unique counter `rerunfilecheck' on input line 2
82.
)
\Hy@SectionHShift=\skip59
)
(c:/texlive/2018/texmf-dist/tex/latex/blindtext/blindtext.sty
Package: blindtext 2012/01/06 V2.0 blindtext-Package

(c:/texlive/2018/texmf-dist/tex/latex/tools/xspace.sty
Package: xspace 2014/10/28 v1.13 Space after command names (DPC,MH)
)
\c@blindtext=\count117
\c@Blindtext=\count118
\c@blind@countparstart=\count119
\blind@countxx=\count120
\blindtext@numBlindtext=\count121
\blind@countyy=\count122
\c@blindlist=\count123
\c@blindlistlevel=\count124
\c@blindlist@level=\count125
\blind@listitem=\count126
\c@blind@listcount=\count127
\c@blind@levelcount=\count128
\blind@mathformula=\count129
\blind@Mathformula=\count130
\c@blind@randomcount=\count131
\c@blind@randommax=\count132
\c@blind@pangramcount=\count133
\c@blind@pangrammax=\count134
)
(c:/texlive/2018/texmf-dist/tex/generic/babel/babel.sty
Package: babel 2018/09/26 3.24 The Babel package

(c:/texlive/2018/texmf-dist/tex/generic/babel/switch.def
File: switch.def 2018/09/26 3.24 Babel switching mechanism
)
(c:/texlive/2018/texmf-dist/tex/generic/babel-english/british.ldf
Language: british 2017/06/06 v3.3r English support from the babel system

(c:/texlive/2018/texmf-dist/tex/generic/babel-english/english.ldf
Language: english 2017/06/06 v3.3r English support from the babel system

(c:/texlive/2018/texmf-dist/tex/generic/babel/babel.def
File: babel.def 2018/09/26 3.24 Babel common definitions
\babel@savecnt=\count135
\U@D=\dimen136

(c:/texlive/2018/texmf-dist/tex/generic/babel/txtbabel.def)
\bbl@dirlevel=\count136
)
\l@canadian = a dialect from \language\l@american 
\l@australian = a dialect from \language\l@british 
\l@newzealand = a dialect from \language\l@british 
))
(c:/texlive/2018/texmf-dist/tex/generic/babel-english/UKenglish.ldf
Language: UKenglish 2017/06/06 v3.3r English support from the babel system

(c:/texlive/2018/texmf-dist/tex/generic/babel-english/english.ldf
Language: english 2017/06/06 v3.3r English support from the babel system
))
(c:/texlive/2018/texmf-dist/tex/generic/babel-english/USenglish.ldf
Language: USenglish 2017/06/06 v3.3r English support from the babel system

(c:/texlive/2018/texmf-dist/tex/generic/babel-english/english.ldf
Language: english 2017/06/06 v3.3r English support from the babel system
))
(c:/texlive/2018/texmf-dist/tex/generic/babel-english/english.ldf
Language: english 2017/06/06 v3.3r English support from the babel system
)
(c:/texlive/2018/texmf-dist/tex/generic/babel-english/american.ldf
Language: american 2017/06/06 v3.3r English support from the babel system

(c:/texlive/2018/texmf-dist/tex/generic/babel-english/english.ldf
Language: english 2017/06/06 v3.3r English support from the babel system
)))

Package Babel Warning: The package option `english' should not be used
(Babel)                with a more specific one (like `american') on input line
 33.

(c:/texlive/2018/texmf-dist/tex/latex/enumitem/enumitem.sty
Package: enumitem 2011/09/28 v3.5.2 Customized lists
\labelindent=\skip60
\enit@outerparindent=\dimen137
\enit@toks=\toks20
\enit@inbox=\box31
\enitdp@description=\count137
)
(c:/texlive/2018/texmf-dist/tex/latex/geometry/geometry.sty
Package: geometry 2018/04/16 v5.8 Page Geometry
\Gm@cnth=\count138
\Gm@cntv=\count139
\c@Gm@tempcnt=\count140
\Gm@bindingoffset=\dimen138
\Gm@wd@mp=\dimen139
\Gm@odd@mp=\dimen140
\Gm@even@mp=\dimen141
\Gm@layoutwidth=\dimen142
\Gm@layoutheight=\dimen143
\Gm@layouthoffset=\dimen144
\Gm@layoutvoffset=\dimen145
\Gm@dimlist=\toks21
)
(c:/texlive/2018/texmf-dist/tex/latex/titlesec/titlesec.sty
Package: titlesec 2016/03/21 v2.10.2 Sectioning titles
\ttl@box=\box32
\beforetitleunit=\skip61
\aftertitleunit=\skip62
\ttl@plus=\dimen146
\ttl@minus=\dimen147
\ttl@toksa=\toks22
\titlewidth=\dimen148
\titlewidthlast=\dimen149
\titlewidthfirst=\dimen150
)
(c:/texlive/2018/texmf-dist/tex/latex/base/inputenc.sty
Package: inputenc 2018/04/06 v1.3b Input encoding file
\inpenc@prehook=\toks23
\inpenc@posthook=\toks24

(c:/texlive/2018/texmf-dist/tex/latex/base/latin1.def
File: latin1.def 2018/04/06 v1.3b Input encoding file
))
(c:/texlive/2018/texmf-dist/tex/latex/pgf/frontendlayer/tikz.sty
(c:/texlive/2018/texmf-dist/tex/latex/pgf/basiclayer/pgf.sty
(c:/texlive/2018/texmf-dist/tex/latex/pgf/utilities/pgfrcs.sty
(c:/texlive/2018/texmf-dist/tex/generic/pgf/utilities/pgfutil-common.tex
\pgfutil@everybye=\toks25
\pgfutil@tempdima=\dimen151
\pgfutil@tempdimb=\dimen152

(c:/texlive/2018/texmf-dist/tex/generic/pgf/utilities/pgfutil-common-lists.tex)
) (c:/texlive/2018/texmf-dist/tex/generic/pgf/utilities/pgfutil-latex.def
\pgfutil@abb=\box33

(c:/texlive/2018/texmf-dist/tex/latex/ms/everyshi.sty
Package: everyshi 2001/05/15 v3.00 EveryShipout Package (MS)
))
(c:/texlive/2018/texmf-dist/tex/generic/pgf/utilities/pgfrcs.code.tex
Package: pgfrcs 2015/08/07 v3.0.1a (rcs-revision 1.31)
))
Package: pgf 2015/08/07 v3.0.1a (rcs-revision 1.15)

(c:/texlive/2018/texmf-dist/tex/latex/pgf/basiclayer/pgfcore.sty
(c:/texlive/2018/texmf-dist/tex/latex/pgf/systemlayer/pgfsys.sty
(c:/texlive/2018/texmf-dist/tex/generic/pgf/systemlayer/pgfsys.code.tex
Package: pgfsys 2014/07/09 v3.0.1a (rcs-revision 1.48)

(c:/texlive/2018/texmf-dist/tex/generic/pgf/utilities/pgfkeys.code.tex
\pgfkeys@pathtoks=\toks26
\pgfkeys@temptoks=\toks27

(c:/texlive/2018/texmf-dist/tex/generic/pgf/utilities/pgfkeysfiltered.code.tex
\pgfkeys@tmptoks=\toks28
))
\pgf@x=\dimen153
\pgf@y=\dimen154
\pgf@xa=\dimen155
\pgf@ya=\dimen156
\pgf@xb=\dimen157
\pgf@yb=\dimen158
\pgf@xc=\dimen159
\pgf@yc=\dimen160
\w@pgf@writea=\write3
\r@pgf@reada=\read1
\c@pgf@counta=\count141
\c@pgf@countb=\count142
\c@pgf@countc=\count143
\c@pgf@countd=\count144
\t@pgf@toka=\toks29
\t@pgf@tokb=\toks30
\t@pgf@tokc=\toks31
 (c:/texlive/2018/texmf-dist/tex/generic/pgf/systemlayer/pgf.cfg
File: pgf.cfg 2008/05/14  (rcs-revision 1.7)
)
Driver file for pgf: pgfsys-pdftex.def

(c:/texlive/2018/texmf-dist/tex/generic/pgf/systemlayer/pgfsys-pdftex.def
File: pgfsys-pdftex.def 2014/10/11  (rcs-revision 1.35)

(c:/texlive/2018/texmf-dist/tex/generic/pgf/systemlayer/pgfsys-common-pdf.def
File: pgfsys-common-pdf.def 2013/10/10  (rcs-revision 1.13)
)))
(c:/texlive/2018/texmf-dist/tex/generic/pgf/systemlayer/pgfsyssoftpath.code.tex
File: pgfsyssoftpath.code.tex 2013/09/09  (rcs-revision 1.9)
\pgfsyssoftpath@smallbuffer@items=\count145
\pgfsyssoftpath@bigbuffer@items=\count146
)
(c:/texlive/2018/texmf-dist/tex/generic/pgf/systemlayer/pgfsysprotocol.code.tex
File: pgfsysprotocol.code.tex 2006/10/16  (rcs-revision 1.4)
)) (c:/texlive/2018/texmf-dist/tex/latex/xcolor/xcolor.sty
Package: xcolor 2016/05/11 v2.12 LaTeX color extensions (UK)

(c:/texlive/2018/texmf-dist/tex/latex/graphics-cfg/color.cfg
File: color.cfg 2016/01/02 v1.6 sample color configuration
)
Package xcolor Info: Driver file: pdftex.def on input line 225.
Package xcolor Info: Model `cmy' substituted by `cmy0' on input line 1348.
Package xcolor Info: Model `hsb' substituted by `rgb' on input line 1352.
Package xcolor Info: Model `RGB' extended on input line 1364.
Package xcolor Info: Model `HTML' substituted by `rgb' on input line 1366.
Package xcolor Info: Model `Hsb' substituted by `hsb' on input line 1367.
Package xcolor Info: Model `tHsb' substituted by `hsb' on input line 1368.
Package xcolor Info: Model `HSB' substituted by `hsb' on input line 1369.
Package xcolor Info: Model `Gray' substituted by `gray' on input line 1370.
Package xcolor Info: Model `wave' substituted by `hsb' on input line 1371.
)
(c:/texlive/2018/texmf-dist/tex/generic/pgf/basiclayer/pgfcore.code.tex
Package: pgfcore 2010/04/11 v3.0.1a (rcs-revision 1.7)

(c:/texlive/2018/texmf-dist/tex/generic/pgf/math/pgfmath.code.tex
(c:/texlive/2018/texmf-dist/tex/generic/pgf/math/pgfmathcalc.code.tex
(c:/texlive/2018/texmf-dist/tex/generic/pgf/math/pgfmathutil.code.tex)
(c:/texlive/2018/texmf-dist/tex/generic/pgf/math/pgfmathparser.code.tex
\pgfmath@dimen=\dimen161
\pgfmath@count=\count147
\pgfmath@box=\box34
\pgfmath@toks=\toks32
\pgfmath@stack@operand=\toks33
\pgfmath@stack@operation=\toks34
)
(c:/texlive/2018/texmf-dist/tex/generic/pgf/math/pgfmathfunctions.code.tex
(c:/texlive/2018/texmf-dist/tex/generic/pgf/math/pgfmathfunctions.basic.code.te
x)
(c:/texlive/2018/texmf-dist/tex/generic/pgf/math/pgfmathfunctions.trigonometric
.code.tex)
(c:/texlive/2018/texmf-dist/tex/generic/pgf/math/pgfmathfunctions.random.code.t
ex)
(c:/texlive/2018/texmf-dist/tex/generic/pgf/math/pgfmathfunctions.comparison.co
de.tex)
(c:/texlive/2018/texmf-dist/tex/generic/pgf/math/pgfmathfunctions.base.code.tex
)
(c:/texlive/2018/texmf-dist/tex/generic/pgf/math/pgfmathfunctions.round.code.te
x)
(c:/texlive/2018/texmf-dist/tex/generic/pgf/math/pgfmathfunctions.misc.code.tex
)
(c:/texlive/2018/texmf-dist/tex/generic/pgf/math/pgfmathfunctions.integerarithm
etics.code.tex)))
(c:/texlive/2018/texmf-dist/tex/generic/pgf/math/pgfmathfloat.code.tex
\c@pgfmathroundto@lastzeros=\count148
))
(c:/texlive/2018/texmf-dist/tex/generic/pgf/basiclayer/pgfcorepoints.code.tex
File: pgfcorepoints.code.tex 2013/10/07  (rcs-revision 1.27)
\pgf@picminx=\dimen162
\pgf@picmaxx=\dimen163
\pgf@picminy=\dimen164
\pgf@picmaxy=\dimen165
\pgf@pathminx=\dimen166
\pgf@pathmaxx=\dimen167
\pgf@pathminy=\dimen168
\pgf@pathmaxy=\dimen169
\pgf@xx=\dimen170
\pgf@xy=\dimen171
\pgf@yx=\dimen172
\pgf@yy=\dimen173
\pgf@zx=\dimen174
\pgf@zy=\dimen175
)
(c:/texlive/2018/texmf-dist/tex/generic/pgf/basiclayer/pgfcorepathconstruct.cod
e.tex
File: pgfcorepathconstruct.code.tex 2013/10/07  (rcs-revision 1.29)
\pgf@path@lastx=\dimen176
\pgf@path@lasty=\dimen177
)
(c:/texlive/2018/texmf-dist/tex/generic/pgf/basiclayer/pgfcorepathusage.code.te
x
File: pgfcorepathusage.code.tex 2014/11/02  (rcs-revision 1.24)
\pgf@shorten@end@additional=\dimen178
\pgf@shorten@start@additional=\dimen179
)
(c:/texlive/2018/texmf-dist/tex/generic/pgf/basiclayer/pgfcorescopes.code.tex
File: pgfcorescopes.code.tex 2015/05/08  (rcs-revision 1.46)
\pgfpic=\box35
\pgf@hbox=\box36
\pgf@layerbox@main=\box37
\pgf@picture@serial@count=\count149
)
(c:/texlive/2018/texmf-dist/tex/generic/pgf/basiclayer/pgfcoregraphicstate.code
.tex
File: pgfcoregraphicstate.code.tex 2014/11/02  (rcs-revision 1.12)
\pgflinewidth=\dimen180
)
(c:/texlive/2018/texmf-dist/tex/generic/pgf/basiclayer/pgfcoretransformations.c
ode.tex
File: pgfcoretransformations.code.tex 2015/08/07  (rcs-revision 1.20)
\pgf@pt@x=\dimen181
\pgf@pt@y=\dimen182
\pgf@pt@temp=\dimen183
)
(c:/texlive/2018/texmf-dist/tex/generic/pgf/basiclayer/pgfcorequick.code.tex
File: pgfcorequick.code.tex 2008/10/09  (rcs-revision 1.3)
)
(c:/texlive/2018/texmf-dist/tex/generic/pgf/basiclayer/pgfcoreobjects.code.tex
File: pgfcoreobjects.code.tex 2006/10/11  (rcs-revision 1.2)
)
(c:/texlive/2018/texmf-dist/tex/generic/pgf/basiclayer/pgfcorepathprocessing.co
de.tex
File: pgfcorepathprocessing.code.tex 2013/09/09  (rcs-revision 1.9)
)
(c:/texlive/2018/texmf-dist/tex/generic/pgf/basiclayer/pgfcorearrows.code.tex
File: pgfcorearrows.code.tex 2015/05/14  (rcs-revision 1.43)
\pgfarrowsep=\dimen184
)
(c:/texlive/2018/texmf-dist/tex/generic/pgf/basiclayer/pgfcoreshade.code.tex
File: pgfcoreshade.code.tex 2013/07/15  (rcs-revision 1.15)
\pgf@max=\dimen185
\pgf@sys@shading@range@num=\count150
)
(c:/texlive/2018/texmf-dist/tex/generic/pgf/basiclayer/pgfcoreimage.code.tex
File: pgfcoreimage.code.tex 2013/07/15  (rcs-revision 1.18)

(c:/texlive/2018/texmf-dist/tex/generic/pgf/basiclayer/pgfcoreexternal.code.tex
File: pgfcoreexternal.code.tex 2014/07/09  (rcs-revision 1.21)
\pgfexternal@startupbox=\box38
))
(c:/texlive/2018/texmf-dist/tex/generic/pgf/basiclayer/pgfcorelayers.code.tex
File: pgfcorelayers.code.tex 2013/07/18  (rcs-revision 1.7)
)
(c:/texlive/2018/texmf-dist/tex/generic/pgf/basiclayer/pgfcoretransparency.code
.tex
File: pgfcoretransparency.code.tex 2013/09/30  (rcs-revision 1.5)
)
(c:/texlive/2018/texmf-dist/tex/generic/pgf/basiclayer/pgfcorepatterns.code.tex
File: pgfcorepatterns.code.tex 2013/11/07  (rcs-revision 1.5)
)))
(c:/texlive/2018/texmf-dist/tex/generic/pgf/modules/pgfmoduleshapes.code.tex
File: pgfmoduleshapes.code.tex 2014/03/21  (rcs-revision 1.35)
\pgfnodeparttextbox=\box39
)
(c:/texlive/2018/texmf-dist/tex/generic/pgf/modules/pgfmoduleplot.code.tex
File: pgfmoduleplot.code.tex 2015/08/03  (rcs-revision 1.13)
)
(c:/texlive/2018/texmf-dist/tex/latex/pgf/compatibility/pgfcomp-version-0-65.st
y
Package: pgfcomp-version-0-65 2007/07/03 v3.0.1a (rcs-revision 1.7)
\pgf@nodesepstart=\dimen186
\pgf@nodesepend=\dimen187
)
(c:/texlive/2018/texmf-dist/tex/latex/pgf/compatibility/pgfcomp-version-1-18.st
y
Package: pgfcomp-version-1-18 2007/07/23 v3.0.1a (rcs-revision 1.1)
)) (c:/texlive/2018/texmf-dist/tex/latex/pgf/utilities/pgffor.sty
(c:/texlive/2018/texmf-dist/tex/latex/pgf/utilities/pgfkeys.sty
(c:/texlive/2018/texmf-dist/tex/generic/pgf/utilities/pgfkeys.code.tex))
(c:/texlive/2018/texmf-dist/tex/latex/pgf/math/pgfmath.sty
(c:/texlive/2018/texmf-dist/tex/generic/pgf/math/pgfmath.code.tex))
(c:/texlive/2018/texmf-dist/tex/generic/pgf/utilities/pgffor.code.tex
Package: pgffor 2013/12/13 v3.0.1a (rcs-revision 1.25)

(c:/texlive/2018/texmf-dist/tex/generic/pgf/math/pgfmath.code.tex)
\pgffor@iter=\dimen188
\pgffor@skip=\dimen189
\pgffor@stack=\toks35
\pgffor@toks=\toks36
))
(c:/texlive/2018/texmf-dist/tex/generic/pgf/frontendlayer/tikz/tikz.code.tex
Package: tikz 2015/08/07 v3.0.1a (rcs-revision 1.151)

(c:/texlive/2018/texmf-dist/tex/generic/pgf/libraries/pgflibraryplothandlers.co
de.tex
File: pgflibraryplothandlers.code.tex 2013/08/31 v3.0.1a (rcs-revision 1.20)
\pgf@plot@mark@count=\count151
\pgfplotmarksize=\dimen190
)
\tikz@lastx=\dimen191
\tikz@lasty=\dimen192
\tikz@lastxsaved=\dimen193
\tikz@lastysaved=\dimen194
\tikzleveldistance=\dimen195
\tikzsiblingdistance=\dimen196
\tikz@figbox=\box40
\tikz@figbox@bg=\box41
\tikz@tempbox=\box42
\tikz@tempbox@bg=\box43
\tikztreelevel=\count152
\tikznumberofchildren=\count153
\tikznumberofcurrentchild=\count154
\tikz@fig@count=\count155

(c:/texlive/2018/texmf-dist/tex/generic/pgf/modules/pgfmodulematrix.code.tex
File: pgfmodulematrix.code.tex 2013/09/17  (rcs-revision 1.8)
\pgfmatrixcurrentrow=\count156
\pgfmatrixcurrentcolumn=\count157
\pgf@matrix@numberofcolumns=\count158
)
\tikz@expandcount=\count159

(c:/texlive/2018/texmf-dist/tex/generic/pgf/frontendlayer/tikz/libraries/tikzli
brarytopaths.code.tex
File: tikzlibrarytopaths.code.tex 2008/06/17 v3.0.1a (rcs-revision 1.2)
)))
(c:/texlive/2018/texmf-dist/tex/latex/amscls/amsthm.sty
Package: amsthm 2017/10/31 v2.20.4
\thm@style=\toks37
\thm@bodyfont=\toks38
\thm@headfont=\toks39
\thm@notefont=\toks40
\thm@headpunct=\toks41
\thm@preskip=\skip63
\thm@postskip=\skip64
\thm@headsep=\skip65
\dth@everypar=\toks42
)
(c:/texlive/2018/texmf-dist/tex/latex/amsfonts/amssymb.sty
Package: amssymb 2013/01/14 v3.01 AMS font symbols

(c:/texlive/2018/texmf-dist/tex/latex/amsfonts/amsfonts.sty
Package: amsfonts 2013/01/14 v3.01 Basic AMSFonts support
\symAMSa=\mathgroup4
\symAMSb=\mathgroup5
LaTeX Font Info:    Overwriting math alphabet `\mathfrak' in version `bold'
(Font)                  U/euf/m/n --> U/euf/b/n on input line 106.
))
(c:/texlive/2018/texmf-dist/tex/latex/base/fontenc.sty
Package: fontenc 2017/04/05 v2.0i Standard LaTeX package

(c:/texlive/2018/texmf-dist/tex/latex/base/t1enc.def
File: t1enc.def 2017/04/05 v2.0i Standard LaTeX file
LaTeX Font Info:    Redeclaring font encoding T1 on input line 48.
))
\c@teo=\count160
\c@corol=\count161
\c@prop=\count162
\c@eg=\count163
\c@ex=\count164
\c@lem=\count165
\c@defi=\count166
\c@oss=\count167

(c:/texlive/2018/texmf-dist/tex/generic/systeme/systeme.sty
(c:/texlive/2018/texmf-dist/tex/generic/xstring/xstring.sty
(c:/texlive/2018/texmf-dist/tex/generic/xstring/xstring.tex
\@xs@message=\write4
\integerpart=\count168
\decimalpart=\count169
)
Package: xstring 2013/10/13  v1.7c  String manipulations (C Tellechea)
)
(c:/texlive/2018/texmf-dist/tex/generic/systeme/systeme.tex
\SYS@systemecode=\toks43
\SYS@systempreamble=\toks44
\SYSeqnum=\count170
)
Package: systeme 2018/01/01 v0.31 Mise en forme de systemes d'equations (CT)
)
(c:/texlive/2018/texmf-dist/tex/latex/bbm-macros/bbm.sty
Package: bbm 1999/03/15 V 1.2 provides fonts for set symbols - TH
LaTeX Font Info:    Overwriting math alphabet `\mathbbm' in version `bold'
(Font)                  U/bbm/m/n --> U/bbm/bx/n on input line 33.
LaTeX Font Info:    Overwriting math alphabet `\mathbbmss' in version `bold'
(Font)                  U/bbmss/m/n --> U/bbmss/bx/n on input line 35.
)

LaTeX Warning: Unused global option(s):
    [epsfig].

(./cognome_nome_laurea_aa.aux)
\openout1 = `cognome_nome_laurea_aa.aux'.

LaTeX Font Info:    Checking defaults for OML/cmm/m/it on input line 115.
LaTeX Font Info:    ... okay on input line 115.
LaTeX Font Info:    Checking defaults for T1/cmr/m/n on input line 115.
LaTeX Font Info:    ... okay on input line 115.
LaTeX Font Info:    Checking defaults for OT1/cmr/m/n on input line 115.
LaTeX Font Info:    ... okay on input line 115.
LaTeX Font Info:    Checking defaults for OMS/cmsy/m/n on input line 115.
LaTeX Font Info:    ... okay on input line 115.
LaTeX Font Info:    Checking defaults for OMX/cmex/m/n on input line 115.
LaTeX Font Info:    ... okay on input line 115.
LaTeX Font Info:    Checking defaults for U/cmr/m/n on input line 115.
LaTeX Font Info:    ... okay on input line 115.
LaTeX Font Info:    Checking defaults for PD1/pdf/m/n on input line 115.
LaTeX Font Info:    ... okay on input line 115.

(c:/texlive/2018/texmf-dist/tex/context/base/mkii/supp-pdf.mkii
[Loading MPS to PDF converter (version 2006.09.02).]
\scratchcounter=\count171
\scratchdimen=\dimen197
\scratchbox=\box44
\nofMPsegments=\count172
\nofMParguments=\count173
\everyMPshowfont=\toks45
\MPscratchCnt=\count174
\MPscratchDim=\dimen198
\MPnumerator=\count175
\makeMPintoPDFobject=\count176
\everyMPtoPDFconversion=\toks46
) (c:/texlive/2018/texmf-dist/tex/latex/oberdiek/epstopdf-base.sty
Package: epstopdf-base 2016/05/15 v2.6 Base part for package epstopdf

(c:/texlive/2018/texmf-dist/tex/latex/oberdiek/grfext.sty
Package: grfext 2016/05/16 v1.2 Manage graphics extensions (HO)
)
Package epstopdf-base Info: Redefining graphics rule for `.eps' on input line 4
38.
Package grfext Info: Graphics extension search list:
(grfext)             [.pdf,.png,.jpg,.mps,.jpeg,.jbig2,.jb2,.PDF,.PNG,.JPG,.JPE
G,.JBIG2,.JB2,.eps]
(grfext)             \AppendGraphicsExtensions on input line 456.

(c:/texlive/2018/texmf-dist/tex/latex/latexconfig/epstopdf-sys.cfg
File: epstopdf-sys.cfg 2010/07/13 v1.3 Configuration of (r)epstopdf for TeX Liv
e
))
Package caption Info: Begin \AtBeginDocument code.
Package caption Info: hyperref package is loaded.
Package caption Info: End \AtBeginDocument code.
\AtBeginShipoutBox=\box45
Package hyperref Info: Link coloring OFF on input line 115.

(c:/texlive/2018/texmf-dist/tex/latex/hyperref/nameref.sty
Package: nameref 2016/05/21 v2.44 Cross-referencing by name of section

(c:/texlive/2018/texmf-dist/tex/generic/oberdiek/gettitlestring.sty
Package: gettitlestring 2016/05/16 v1.5 Cleanup title references (HO)
)
\c@section@level=\count177
)
LaTeX Info: Redefining \ref on input line 115.
LaTeX Info: Redefining \pageref on input line 115.
LaTeX Info: Redefining \nameref on input line 115.

(./cognome_nome_laurea_aa.out) (./cognome_nome_laurea_aa.out)
\@outlinefile=\write5
\openout5 = `cognome_nome_laurea_aa.out'.

Package hyperref Info: Anchor `Doc-Start' on input line 115.

*geometry* driver: auto-detecting
*geometry* detected driver: pdftex
*geometry* verbose mode - [ preamble ] result:
* driver: pdftex
* paper: custom
* layout: <same size as paper>
* layoutoffset:(h,v)=(0.0pt,0.0pt)
* modes: 
* h-part:(L,W,R)=(71.13188pt, 483.69687pt, 42.67912pt)
* v-part:(T,H,B)=(56.9055pt, 731.23575pt, 56.9055pt)
* \paperwidth=597.50787pt
* \paperheight=845.04675pt
* \textwidth=483.69687pt
* \textheight=731.23575pt
* \oddsidemargin=-1.1381pt
* \evensidemargin=-1.1381pt
* \topmargin=-47.23828pt
* \headheight=12.0pt
* \headsep=19.8738pt
* \topskip=11.0pt
* \footskip=27.46295pt
* \marginparwidth=53.0pt
* \marginparsep=7.0pt
* \columnsep=10.0pt
* \skip\footins=10.0pt plus 4.0pt minus 2.0pt
* \hoffset=0.0pt
* \voffset=0.0pt
* \mag=1000
* \@twocolumnfalse
* \@twosidefalse
* \@mparswitchfalse
* \@reversemarginfalse
* (1in=72.27pt=25.4mm, 1cm=28.453pt)

ABD: EveryShipout initializing macros (./pagina_iniziale.tex
LaTeX Font Info:    Try loading font information for U+msa on input line 23.

(c:/texlive/2018/texmf-dist/tex/latex/amsfonts/umsa.fd
File: umsa.fd 2013/01/14 v3.01 AMS symbols A
)
LaTeX Font Info:    Try loading font information for U+msb on input line 23.

(c:/texlive/2018/texmf-dist/tex/latex/amsfonts/umsb.fd
File: umsb.fd 2013/01/14 v3.01 AMS symbols B
))
Package hyperref Info: Anchor `page.' on input line 141.
 [1

{c:/texlive/2018/texmf-var/fonts/map/pdftex/updmap/pdftex.map}]
Package hyperref Info: Anchor `chapter*.1' on input line 165.
 (./cognome_nome_laurea_aa.toc
Package hyperref Info: Reference (link) `chapter*.2' on input line 2.
Package hyperref Info: Reference (link) `chapter.1' on input line 3.
Package hyperref Info: Reference (link) `section.1.1' on input line 4.
Package hyperref Info: Reference (link) `section.1.2' on input line 5.
Package hyperref Info: Reference (link) `section.1.3' on input line 6.
Package hyperref Info: Reference (link) `section.1.4' on input line 7.
Package hyperref Info: Reference (link) `section.1.5' on input line 8.
Package hyperref Info: Reference (link) `chapter.2' on input line 9.
Package hyperref Info: Reference (link) `section.2.1' on input line 10.
Package hyperref Info: Reference (link) `chapter.3' on input line 11.
Package hyperref Info: Reference (link) `section.3.1' on input line 12.
Package hyperref Info: Reference (link) `section.3.2' on input line 13.
Package hyperref Info: Reference (link) `section.3.3' on input line 14.
Package hyperref Info: Reference (link) `section.3.4' on input line 15.
Package hyperref Info: Reference (link) `section.3.5' on input line 16.
Package hyperref Info: Reference (link) `chapter.4' on input line 17.
Package hyperref Info: Reference (link) `section.4.1' on input line 18.
Package hyperref Info: Reference (link) `chapter.5' on input line 19.
Package hyperref Info: Reference (link) `ex.7' on input line 20.
)
\tf@toc=\write6
\openout6 = `cognome_nome_laurea_aa.toc'.

Package hyperref Info: Anchor `page.1' on input line 166.

[1



Package `hyperref' Info: End of reference (link) `chapter*.2', line 2.
Package `hyperref' Info: End of reference (link) `chapter.1', line 3.
Package `hyperref' Info: End of reference (link) `section.1.1', line 4.
Package `hyperref' Info: End of reference (link) `section.1.2', line 5.
Package `hyperref' Info: End of reference (link) `section.1.3', line 6.
Package `hyperref' Info: End of reference (link) `section.1.4', line 7.
Package `hyperref' Info: End of reference (link) `section.1.5', line 8.
Package `hyperref' Info: End of reference (link) `chapter.2', line 9.
Package `hyperref' Info: End of reference (link) `section.2.1', line 10.
Package `hyperref' Info: End of reference (link) `chapter.3', line 11.
Package `hyperref' Info: End of reference (link) `section.3.1', line 12.
Package `hyperref' Info: End of reference (link) `section.3.2', line 13.
Package `hyperref' Info: End of reference (link) `section.3.3', line 14.
Package `hyperref' Info: End of reference (link) `section.3.4', line 15.
Package `hyperref' Info: End of reference (link) `section.3.5', line 16.
Package `hyperref' Info: End of reference (link) `chapter.4', line 17.
Package `hyperref' Info: End of reference (link) `section.4.1', line 18.
Package `hyperref' Info: End of reference (link) `chapter.5', line 19.
Package `hyperref' Info: End of reference (link) `ex.7', line 20.
] (./sommario.tex
Package hyperref Info: Anchor `chapter*.2' on input line 1.
Package hyperref Info: bookmark on input line 5:
(hyperref)             thecounter {0}
(hyperref)             text {Sommario}
(hyperref)             reference {chapter*.2}
(hyperref)             toclevel {0}
(hyperref)             type {toc}.
Package hyperref Info: Reference (cite) `cite.Casella' on input line 7.
)
Package hyperref Info: Anchor `page.2' on input line 218.
 [2

Package `hyperref' Info: End of reference (cite) `cite.Casella', line 7.
] (./capitolo1.tex
Package hyperref Info: Anchor `chapter.1' on input line 1.

Chapter 1.
Package hyperref Info: bookmark on input line 1:
(hyperref)             thecounter {1}
(hyperref)             text {\protect \numberline {\thechapter }Introduction}
(hyperref)             reference {chapter.1}
(hyperref)             toclevel {0}
(hyperref)             type {toc}.
Package hyperref Info: Anchor `section.1.1' on input line 8.
Package hyperref Info: bookmark on input line 8:
(hyperref)             thecounter {1.1}
(hyperref)             text {\ifttl@toclabel \ttl@a \fi Inequalities}
(hyperref)             reference {section.1.1}
(hyperref)             toclevel {1}
(hyperref)             type {toc}.
Package hyperref Info: Anchor `equation.1.1.1' on input line 16.
Package hyperref Info: Anchor `equation.1.1.1' on input line 16.
Package hyperref Info: Anchor `equation.1.1.1' on input line 16.
Package hyperref Info: Anchor `equation.1.1.1' on input line 16.
Package hyperref Info: Anchor `teo.1.1.1' on input line 19.
Package hyperref Info: Anchor `section.1.2' on input line 28.
Package hyperref Info: bookmark on input line 28:
(hyperref)             thecounter {1.2}
(hyperref)             text {\ifttl@toclabel \ttl@a \fi Common distributions}
(hyperref)             reference {section.1.2}
(hyperref)             toclevel {1}
(hyperref)             type {toc}.

Underfull \hbox (badness 10000) in paragraph at lines 38--40

 []


Underfull \hbox (badness 10000) in paragraph at lines 41--42

 []


Underfull \hbox (badness 10000) in paragraph at lines 44--51

 []


Underfull \hbox (badness 10000) in paragraph at lines 44--51

 []


Underfull \hbox (badness 10000) in paragraph at lines 44--51

 []

Package hyperref Info: Anchor `page.3' on input line 51.
[3]
LaTeX Font Info:    Try loading font information for U+bbm on input line 51.
 (c:/texlive/2018/texmf-dist/tex/latex/bbm-macros/ubbm.fd
File: ubbm.fd 1999/03/15 V 1.2 Font definition for bbm font - TH
)
Underfull \hbox (badness 10000) in paragraph at lines 51--53

 []

Package hyperref Info: Anchor `teo.1.2.1' on input line 53.
LaTeX Font Info:    Try loading font information for OMS+cmr on input line 75.
(c:/texlive/2018/texmf-dist/tex/latex/base/omscmr.fd
File: omscmr.fd 2014/09/29 v2.5h Standard LaTeX font definitions
)
LaTeX Font Info:    Font shape `OMS/cmr/m/n' in size <10.95> not available
(Font)              Font shape `OMS/cmsy/m/n' tried instead on input line 75.
Package hyperref Info: Anchor `defi.1.2.1' on input line 84.
Package hyperref Info: Anchor `prop.1.2.1' on input line 89.
Package hyperref Info: Anchor `Item.1' on input line 97.
Package hyperref Info: Anchor `Item.2' on input line 98.
Package hyperref Info: Anchor `Item.3' on input line 99.
Package hyperref Info: Anchor `Item.4' on input line 100.
Package hyperref Info: Anchor `section.1.3' on input line 104.
Package hyperref Info: bookmark on input line 104:
(hyperref)             thecounter {1.3}
(hyperref)             text {\ifttl@toclabel \ttl@a \fi Linear Algebra}
(hyperref)             reference {section.1.3}
(hyperref)             toclevel {1}
(hyperref)             type {toc}.
Package hyperref Info: Anchor `page.4' on input line 108.
 [4]
Package hyperref Info: Anchor `defi.1.3.1' on input line 121.
Package hyperref Info: Anchor `prop.1.3.1' on input line 127.
Package hyperref Info: Anchor `defi.1.3.2' on input line 133.
Package hyperref Info: Anchor `defi.1.3.3' on input line 138.
Package hyperref Info: Anchor `defi.1.3.4' on input line 142.
Package hyperref Info: Anchor `prop.1.3.2' on input line 145.
Package hyperref Info: Anchor `defi.1.3.5' on input line 152.
Package hyperref Info: Anchor `defi.1.3.6' on input line 157.
Package hyperref Info: Anchor `defi.1.3.7' on input line 162.
Package hyperref Info: Anchor `prop.1.3.3' on input line 166.
Package hyperref Info: Anchor `defi.1.3.8' on input line 171.
Package hyperref Info: Anchor `prop.1.3.4' on input line 176.
Package hyperref Info: Anchor `Item.5' on input line 178.
Package hyperref Info: Anchor `Item.6' on input line 179.
Package hyperref Info: Anchor `Item.7' on input line 180.
Package hyperref Info: Anchor `page.5' on input line 181.
 [5]
Package hyperref Info: Anchor `Item.8' on input line 181.
Package hyperref Info: Anchor `prop.1.3.5' on input line 187.
Package hyperref Info: Anchor `Item.9' on input line 189.
Package hyperref Info: Anchor `Item.10' on input line 190.
Package hyperref Info: Anchor `teo.1.3.1' on input line 196.
Package hyperref Info: Anchor `corol.1.3.1' on input line 203.
Package hyperref Info: Anchor `section.1.4' on input line 207.
Package hyperref Info: bookmark on input line 207:
(hyperref)             thecounter {1.4}
(hyperref)             text {\ifttl@toclabel \ttl@a \fi Multivariate analysis}
(hyperref)             reference {section.1.4}
(hyperref)             toclevel {1}
(hyperref)             type {toc}.
Package hyperref Info: Anchor `defi.1.4.1' on input line 210.
Package hyperref Info: Anchor `defi.1.4.2' on input line 215.
Package hyperref Info: Anchor `defi.1.4.3' on input line 220.
Package hyperref Info: Anchor `defi.1.4.4' on input line 232.
Package hyperref Info: Anchor `lem.1.4.1' on input line 239.
Package hyperref Info: Anchor `lem.1.4.2' on input line 247.
Package hyperref Info: Anchor `lem.1.4.3' on input line 251.
Package hyperref Info: Anchor `page.6' on input line 252.
 [6]
Underfull \hbox (badness 10000) in paragraph at lines 267--268

 []


Underfull \hbox (badness 10000) in paragraph at lines 283--285

 []


Underfull \hbox (badness 10000) in paragraph at lines 286--287

 []

Package hyperref Info: Anchor `prop.1.4.1' on input line 288.
Package hyperref Info: Anchor `page.7' on input line 291.
[7]
Package hyperref Info: Anchor `section.1.5' on input line 298.
Package hyperref Info: bookmark on input line 298:
(hyperref)             thecounter {1.5}
(hyperref)             text {\ifttl@toclabel \ttl@a \fi Basic Concepts of Rando
m Samples}
(hyperref)             reference {section.1.5}
(hyperref)             toclevel {1}
(hyperref)             type {toc}.
Package hyperref Info: Anchor `defi.1.5.1' on input line 301.
Package hyperref Info: Anchor `defi.1.5.2' on input line 306.
Package hyperref Info: Anchor `defi.1.5.3' on input line 310.

Underfull \hbox (badness 10000) in paragraph at lines 314--315

 []

Package hyperref Info: Anchor `defi.1.5.4' on input line 318.
Package hyperref Info: Anchor `teo.1.5.1' on input line 342.
Package hyperref Info: Anchor `page.8' on input line 345.
[8]
Package hyperref Info: Anchor `prop.1.5.1' on input line 351.
Package hyperref Info: Anchor `Item.11' on input line 353.
Package hyperref Info: Anchor `Item.12' on input line 354.
Package hyperref Info: Anchor `Item.13' on input line 360.
Package hyperref Info: Anchor `Item.14' on input line 361.
Package hyperref Info: Reference (link) `teo.1.5.1' on input line 377.

Underfull \hbox (badness 10000) in paragraph at lines 369--378

 []

Package hyperref Info: Anchor `teo.1.5.2' on input line 388.
Package hyperref Info: Anchor `page.9' on input line 389.
[9
Package `hyperref' Info: End of reference (link) `teo.1.5.1', line 377.
]
Package hyperref Info: Anchor `teo.1.5.3' on input line 395.
)
Package hyperref Info: Anchor `page.10' on input line 220.
 [10] (./capitolo2.tex
Package hyperref Info: Anchor `chapter.2' on input line 1.

Chapter 2.
Package hyperref Info: bookmark on input line 1:
(hyperref)             thecounter {2}
(hyperref)             text {\protect \numberline {\thechapter }Concentration M
easure}
(hyperref)             reference {chapter.2}
(hyperref)             toclevel {0}
(hyperref)             type {toc}.
Package hyperref Info: Anchor `equation.2.0.1' on input line 15.
Package hyperref Info: Anchor `equation.2.0.1' on input line 15.
Package hyperref Info: Anchor `equation.2.0.1' on input line 15.
Package hyperref Info: Anchor `equation.2.0.1' on input line 15.

Underfull \hbox (badness 10000) in paragraph at lines 19--21

 []

Package hyperref Info: Anchor `teo.2.0.1' on input line 21.
Package hyperref Info: Anchor `teo.2.0.2' on input line 27.
Package hyperref Info: Anchor `page.11' on input line 45.
[11]
Package hyperref Info: Anchor `teo.2.0.3' on input line 48.
Package hyperref Info: Anchor `teo.2.0.4' on input line 67.
Package hyperref Info: Anchor `section.2.1' on input line 73.
Package hyperref Info: bookmark on input line 73:
(hyperref)             thecounter {2.1}
(hyperref)             text {\ifttl@toclabel \ttl@a \fi Concentration for sum o
f \rv s}
(hyperref)             reference {section.2.1}
(hyperref)             toclevel {1}
(hyperref)             type {toc}.
Package hyperref Info: Anchor `equation.2.1.1' on input line 87.
Package hyperref Info: Anchor `equation.2.1.1' on input line 87.
Package hyperref Info: Anchor `equation.2.1.1' on input line 87.
Package hyperref Info: Anchor `equation.2.1.1' on input line 87.
Package hyperref Info: Reference (link) `equation.2.1.1' on input line 90.
Package hyperref Info: Anchor `page.12' on input line 91.
 [12]
Underfull \hbox (badness 10000) in paragraph at lines 97--99

 []

Package hyperref Info: Reference (link) `equation.2.0.1' on input line 100.
Package hyperref Info: Anchor `equation.2.1.2' on input line 101.
Package hyperref Info: Anchor `equation.2.1.2' on input line 101.
Package hyperref Info: Anchor `equation.2.1.2' on input line 101.
Package hyperref Info: Anchor `equation.2.1.2' on input line 101.
Package hyperref Info: Reference (link) `equation.1.1.1' on input line 110.
Package hyperref Info: Anchor `lem.2.1.1' on input line 114.
Package hyperref Info: Anchor `page.13' on input line 139.
[13
Package `hyperref' Info: End of reference (link) `equation.2.1.1', line 90.
Package `hyperref' Info: End of reference (link) `equation.2.0.1', line 100.
Package `hyperref' Info: End of reference (link) `equation.1.1.1', line 110.
]
Package hyperref Info: Anchor `teo.2.1.1' on input line 154.
Package hyperref Info: Reference (link) `equation.2.1.2' on input line 161.
Package hyperref Info: Reference (link) `lem.2.1.1' on input line 161.

Underfull \hbox (badness 10000) in paragraph at lines 166--167

 []

Package hyperref Info: Anchor `page.14' on input line 168.
[14
Package `hyperref' Info: End of reference (link) `equation.2.1.2', line 161.
Package `hyperref' Info: End of reference (link) `lem.2.1.1', line 161.
]
Package hyperref Info: Anchor `lem.2.1.2' on input line 169.
Package hyperref Info: Anchor `teo.2.1.2' on input line 190.
Package hyperref Info: Reference (link) `equation.2.1.2' on input line 197.
Package hyperref Info: Reference (link) `lem.2.1.2' on input line 197.
Package hyperref Info: Anchor `corol.2.1.1' on input line 203.
Package hyperref Info: Anchor `page.15' on input line 206.
 [15
Package `hyperref' Info: End of reference (link) `equation.2.1.2', line 197.
Package `hyperref' Info: End of reference (link) `lem.2.1.2', line 197.
]
Underfull \hbox (badness 10000) in paragraph at lines 208--209

 []

Package hyperref Info: Anchor `lem.2.1.3' on input line 213.
Package hyperref Info: Anchor `teo.2.1.3' on input line 218.
)
Package hyperref Info: Anchor `page.16' on input line 222.
 [16] (./capitolo3.tex
Package hyperref Info: Anchor `chapter.3' on input line 1.

Chapter 3.
Package hyperref Info: bookmark on input line 1:
(hyperref)             thecounter {3}
(hyperref)             text {\protect \numberline {\thechapter }Likelihood Func
tion}
(hyperref)             reference {chapter.3}
(hyperref)             toclevel {0}
(hyperref)             type {toc}.

Underfull \hbox (badness 10000) in paragraph at lines 7--8

 []

Package hyperref Info: Anchor `defi.3.0.1' on input line 9.
Package hyperref Info: Anchor `defi.3.0.2' on input line 16.
Package hyperref Info: Anchor `defi.3.0.3' on input line 20.
Package hyperref Info: Anchor `section.3.1' on input line 29.
Package hyperref Info: bookmark on input line 29:
(hyperref)             thecounter {3.1}
(hyperref)             text {\ifttl@toclabel \ttl@a \fi Likekihood principles}
(hyperref)             reference {section.3.1}
(hyperref)             toclevel {1}
(hyperref)             type {toc}.
Package hyperref Info: Anchor `Item.15' on input line 32.
Package hyperref Info: Anchor `Item.16' on input line 34.

Underfull \hbox (badness 10000) in paragraph at lines 34--36

 []

Package hyperref Info: Anchor `page.17' on input line 36.
[17]
Package hyperref Info: Anchor `eg.3.1.1' on input line 37.
Package hyperref Info: Anchor `Item.17' on input line 39.
Package hyperref Info: Anchor `Item.18' on input line 40.
Package hyperref Info: Anchor `Item.19' on input line 41.
Package hyperref Info: Anchor `section.3.2' on input line 65.
Package hyperref Info: bookmark on input line 65:
(hyperref)             thecounter {3.2}
(hyperref)             text {\ifttl@toclabel \ttl@a \fi Condition of Regularity
}
(hyperref)             reference {section.3.2}
(hyperref)             toclevel {1}
(hyperref)             type {toc}.
Package hyperref Info: Anchor `Item.20' on input line 69.
Package hyperref Info: Anchor `Item.21' on input line 70.
Package hyperref Info: Anchor `Item.22' on input line 71.
Package hyperref Info: Anchor `Item.23' on input line 77.
Package hyperref Info: Anchor `section.3.3' on input line 87.
Package hyperref Info: Anchor `page.18' on input line 87.
 [18]
Package hyperref Info: bookmark on input line 87:
(hyperref)             thecounter {3.3}
(hyperref)             text {\ifttl@toclabel \ttl@a \fi Properties of the Likel
ihood Function}
(hyperref)             reference {section.3.3}
(hyperref)             toclevel {1}
(hyperref)             type {toc}.
Package hyperref Info: Anchor `prop.3.3.1' on input line 89.
Package hyperref Info: Reference (link) `defi.3.0.3' on input line 89.
Package hyperref Info: Anchor `Item.24' on input line 90.
Package hyperref Info: Anchor `Item.25' on input line 91.
Package hyperref Info: Anchor `Item.26' on input line 97.
Package hyperref Info: Anchor `Item.27' on input line 109.
Package hyperref Info: Anchor `page.19' on input line 131.
 [19
Package `hyperref' Info: End of reference (link) `defi.3.0.3', line 89.
]
Package hyperref Info: Anchor `defi.3.3.1' on input line 134.
Package hyperref Info: Anchor `prop.3.3.2' on input line 140.
Package hyperref Info: Anchor `eg.3.3.1' on input line 144.
Package hyperref Info: Anchor `section.3.4' on input line 175.
Package hyperref Info: bookmark on input line 175:
(hyperref)             thecounter {3.4}
(hyperref)             text {\ifttl@toclabel \ttl@a \fi Exponential Families}
(hyperref)             reference {section.3.4}
(hyperref)             toclevel {1}
(hyperref)             type {toc}.
Package hyperref Info: Anchor `defi.3.4.1' on input line 177.
Package hyperref Info: Anchor `defi.3.4.2' on input line 182.
Package hyperref Info: Anchor `page.20' on input line 183.
 [20]
Package hyperref Info: Anchor `eg.3.4.1' on input line 186.
Package hyperref Info: Anchor `prop.3.4.1' on input line 207.
Package hyperref Info: Anchor `Item.28' on input line 209.
Package hyperref Info: Anchor `Item.29' on input line 210.
Package hyperref Info: Anchor `Item.30' on input line 216.
Package hyperref Info: Anchor `Item.31' on input line 228.
Package hyperref Info: Anchor `page.21' on input line 239.
 [21]
Package hyperref Info: Anchor `oss.1' on input line 246.
Package hyperref Info: Anchor `section.3.5' on input line 249.
Package hyperref Info: bookmark on input line 249:
(hyperref)             thecounter {3.5}
(hyperref)             text {\ifttl@toclabel \ttl@a \fi Natural Exponential Fam
ilies}
(hyperref)             reference {section.3.5}
(hyperref)             toclevel {1}
(hyperref)             type {toc}.
Package hyperref Info: Anchor `defi.3.5.1' on input line 251.
)
Package hyperref Info: Anchor `page.22' on input line 224.
 [22] (./capitolo4.tex
Package hyperref Info: Anchor `chapter.4' on input line 1.

Chapter 4.
Package hyperref Info: bookmark on input line 1:
(hyperref)             thecounter {4}
(hyperref)             text {\protect \numberline {\thechapter }Statistics}
(hyperref)             reference {chapter.4}
(hyperref)             toclevel {0}
(hyperref)             type {toc}.
Package hyperref Info: Anchor `defi.4.0.1' on input line 9.
Package hyperref Info: Anchor `eg.4.0.1' on input line 23.

Underfull \hbox (badness 10000) in paragraph at lines 23--26

 []

LaTeX Font Info:    Font shape `OMS/cmr/m/it' in size <10.95> not available
(Font)              Font shape `OMS/cmsy/m/n' tried instead on input line 26.

Package amsmath Warning: Foreign command \atopwithdelims;
(amsmath)                \frac or \genfrac should be used instead
(amsmath)                 on input line 27.

Package hyperref Info: Anchor `oss.2' on input line 37.

Underfull \hbox (badness 10000) in paragraph at lines 37--38

 []

Package hyperref Info: Anchor `oss.3' on input line 40.
Package hyperref Info: Anchor `corol.4.0.1' on input line 50.
Package hyperref Info: Anchor `eg.4.0.2' on input line 59.
Package hyperref Info: Reference (link) `eg.4.0.1' on input line 59.
Package hyperref Info: Anchor `page.23' on input line 63.
[23]
Underfull \hbox (badness 10000) in paragraph at lines 63--64

 []

Package hyperref Info: Anchor `eg.4.0.3' on input line 69.
Package hyperref Info: Anchor `teo.4.0.1' on input line 86.
Package hyperref Info: Reference (link) `corol.4.0.1' on input line 94.
Package hyperref Info: Anchor `corol.4.0.2' on input line 95.

Underfull \hbox (badness 10000) in paragraph at lines 100--102

 []


Underfull \hbox (badness 10000) in paragraph at lines 102--104

 []

Package hyperref Info: Anchor `page.24' on input line 108.
[24
Package `hyperref' Info: End of reference (link) `eg.4.0.1', line 59.
Package `hyperref' Info: End of reference (link) `corol.4.0.1', line 94.
]
Package hyperref Info: Anchor `eg.4.0.4' on input line 140.
Package hyperref Info: Reference (link) `eg.4.0.3' on input line 140.
Package hyperref Info: Anchor `page.25' on input line 154.
 [25
Package `hyperref' Info: End of reference (link) `eg.4.0.3', line 140.
]
Package hyperref Info: Anchor `oss.5' on input line 158.
Package hyperref Info: Anchor `oss.6' on input line 178.
Package hyperref Info: Reference (link) `eg.4.0.3' on input line 178.
Package hyperref Info: Anchor `defi.4.0.2' on input line 184.
Package hyperref Info: Anchor `teo.4.0.2' on input line 189.
Package hyperref Info: Anchor `page.26' on input line 193.
 [26
Package `hyperref' Info: End of reference (link) `eg.4.0.3', line 178.
]
Underfull \hbox (badness 10000) in paragraph at lines 214--216

 []

Package hyperref Info: Anchor `section.4.1' on input line 229.
Package hyperref Info: bookmark on input line 229:
(hyperref)             thecounter {4.1}
(hyperref)             text {\ifttl@toclabel \ttl@a \fi Estimators}
(hyperref)             reference {section.4.1}
(hyperref)             toclevel {1}
(hyperref)             type {toc}.
Package hyperref Info: Anchor `defi.4.1.1' on input line 232.
Package hyperref Info: Anchor `defi.4.1.2' on input line 236.
Package hyperref Info: Anchor `oss.7' on input line 239.
Package hyperref Info: Anchor `page.27' on input line 243.
[27]
Package hyperref Info: Anchor `oss.8' on input line 244.
Package hyperref Info: Anchor `defi.4.1.3' on input line 247.
Package hyperref Info: Reference (link) `equation.1.1.1' on input line 252.
)
Package hyperref Info: Anchor `page.28' on input line 226.
 [28
Package `hyperref' Info: End of reference (link) `equation.1.1.1', line 252.
] (./Esercizi.tex
Package hyperref Info: Anchor `chapter.5' on input line 1.

Chapter 5.
Package hyperref Info: bookmark on input line 1:
(hyperref)             thecounter {5}
(hyperref)             text {\protect \numberline {\thechapter }Exercises}
(hyperref)             reference {chapter.5}
(hyperref)             toclevel {0}
(hyperref)             type {toc}.
Package hyperref Info: Anchor `ex.1' on input line 5.
Package hyperref Info: Anchor `Item.32' on input line 7.
Package hyperref Info: Anchor `Item.33' on input line 8.
Package hyperref Info: Anchor `Item.34' on input line 9.
Package hyperref Info: Anchor `Item.35' on input line 15.
Package hyperref Info: Anchor `Item.36' on input line 51.
Package hyperref Info: Anchor `page.29' on input line 75.
[29]
Package hyperref Info: Anchor `Item.37' on input line 76.
Package hyperref Info: Anchor `ex.2' on input line 110.
Package hyperref Info: Anchor `Item.38' on input line 113.
Package hyperref Info: Anchor `Item.39' on input line 114.
Package hyperref Info: Anchor `page.30' on input line 118.
 [30]
Package hyperref Info: Anchor `Item.40' on input line 120.
Package hyperref Info: Anchor `Item.41' on input line 135.
Package hyperref Info: Anchor `ex.3' on input line 154.
Package hyperref Info: Anchor `page.31' on input line 166.
 [31]
Package hyperref Info: Anchor `ex.4' on input line 170.
Package hyperref Info: Anchor `ex.5' on input line 176.
Package hyperref Info: Anchor `Item.42' on input line 178.
Package hyperref Info: Anchor `Item.43' on input line 179.
Package hyperref Info: Anchor `Item.44' on input line 180.
Package hyperref Info: Anchor `ex.6' on input line 187.
Package hyperref Info: Reference (cite) `cite.Casella' on input line 202.

Overfull \hbox (17.65865pt too wide) in paragraph at lines 254--257
\T1/cmr/m/it/10.95 Remembering that $\OML/cmm/m/it/10.95 X[]; X[]; X[]$ \T1/cmr
/m/it/10.95 are in-de-pen-dent then $\OML/cmm/m/it/10.95 f[]\OT1/cmr/m/n/10.95 
(\OML/cmm/m/it/10.95 zs; ws; s \OMS/cmsy/m/n/10.95 ^^@ \OML/cmm/m/it/10.95 s\OT
1/cmr/m/n/10.95 (\OML/cmm/m/it/10.95 z \OT1/cmr/m/n/10.95 + \OML/cmm/m/it/10.95
 w\OT1/cmr/m/n/10.95 )) = \OML/cmm/m/it/10.95 f[]\OT1/cmr/m/n/10.95 (\OML/cmm/m
/it/10.95 zs\OT1/cmr/m/n/10.95 )\OML/cmm/m/it/10.95 f[]\OT1/cmr/m/n/10.95 (\OML
/cmm/m/it/10.95 ws\OT1/cmr/m/n/10.95 )\OML/cmm/m/it/10.95 f[]\OT1/cmr/m/n/10.95
 (\OML/cmm/m/it/10.95 s \OMS/cmsy/m/n/10.95 ^^@
 []

Package hyperref Info: Anchor `page.32' on input line 257.
[32
Package `hyperref' Info: End of reference (cite) `cite.Casella', line 202.
]
Package hyperref Info: Anchor `ex.7' on input line 279.
)
Package hyperref Info: bookmark on input line 236:
(hyperref)             thecounter {5}
(hyperref)             text {Bibliografia}
(hyperref)             reference {ex.7}
(hyperref)             toclevel {0}
(hyperref)             type {toc}.
 (./cognome_nome_laurea_aa.bbl
Package hyperref Info: Anchor `page.33' on input line 1.
 [33]
Package hyperref Info: Anchor `chapter*.3' on input line 1.
Package hyperref Info: Anchor `cite.Casella' on input line 3.
)
Package hyperref Info: Anchor `page.34' on input line 275.
 [34

]
Package atveryend Info: Empty hook `BeforeClearDocument' on input line 275.
Package atveryend Info: Empty hook `AfterLastShipout' on input line 275.
 (./cognome_nome_laurea_aa.aux)
Package atveryend Info: Executing hook `AtVeryEndDocument' on input line 275.
Package atveryend Info: Executing hook `AtEndAfterFileList' on input line 275.
Package rerunfilecheck Info: File `cognome_nome_laurea_aa.out' has not changed.

(rerunfilecheck)             Checksum: 6206F7057FFE6CD148A95C72C13AF664;1173.
Package atveryend Info: Empty hook `AtVeryVeryEnd' on input line 275.
 ) 
Here is how much of TeX's memory you used:
 20517 strings out of 492639
 366314 string characters out of 6133088
 565003 words of memory out of 5000000
 23788 multiletter control sequences out of 15000+600000
 23994 words of font info for 66 fonts, out of 8000000 for 9000
 1141 hyphenation exceptions out of 8191
 55i,22n,54p,573b,726s stack positions out of 5000i,500n,10000p,200000b,80000s
 <c:/Users/PopCorn/.texlive2018/texmf-var/fonts/pk/ljfour/public/bbm/bbm10.65
7pk>{c:/texlive/2018/texmf-dist/fonts/enc/dvips/cm-super/cm-super-t1.enc}<c:/te
xlive/2018/texmf-dist/fonts/type1/public/amsfonts/cm/cmex10.pfb><c:/texlive/201
8/texmf-dist/fonts/type1/public/amsfonts/cmextra/cmex7.pfb><c:/texlive/2018/tex
mf-dist/fonts/type1/public/amsfonts/cmextra/cmex8.pfb><c:/texlive/2018/texmf-di
st/fonts/type1/public/amsfonts/cm/cmmi10.pfb><c:/texlive/2018/texmf-dist/fonts/
type1/public/amsfonts/cm/cmmi6.pfb><c:/texlive/2018/texmf-dist/fonts/type1/publ
ic/amsfonts/cm/cmmi8.pfb><c:/texlive/2018/texmf-dist/fonts/type1/public/amsfont
s/cm/cmr10.pfb><c:/texlive/2018/texmf-dist/fonts/type1/public/amsfonts/cm/cmr6.
pfb><c:/texlive/2018/texmf-dist/fonts/type1/public/amsfonts/cm/cmr8.pfb><c:/tex
live/2018/texmf-dist/fonts/type1/public/amsfonts/cm/cmsy10.pfb><c:/texlive/2018
/texmf-dist/fonts/type1/public/amsfonts/cm/cmsy6.pfb><c:/texlive/2018/texmf-dis
t/fonts/type1/public/amsfonts/cm/cmsy8.pfb><c:/texlive/2018/texmf-dist/fonts/ty
pe1/public/amsfonts/symbols/msam10.pfb><c:/texlive/2018/texmf-dist/fonts/type1/
public/amsfonts/symbols/msbm10.pfb><c:/texlive/2018/texmf-dist/fonts/type1/publ
ic/cm-super/sfbi1095.pfb><c:/texlive/2018/texmf-dist/fonts/type1/public/cm-supe
r/sfbx1095.pfb><c:/texlive/2018/texmf-dist/fonts/type1/public/cm-super/sfbx1440
.pfb><c:/texlive/2018/texmf-dist/fonts/type1/public/cm-super/sfbx2488.pfb><c:/t
exlive/2018/texmf-dist/fonts/type1/public/cm-super/sfcc1440.pfb><c:/texlive/201
8/texmf-dist/fonts/type1/public/cm-super/sfrm1095.pfb><c:/texlive/2018/texmf-di
st/fonts/type1/public/cm-super/sfrm1440.pfb><c:/texlive/2018/texmf-dist/fonts/t
ype1/public/cm-super/sfrm1728.pfb><c:/texlive/2018/texmf-dist/fonts/type1/publi
c/cm-super/sfti1095.pfb>
Output written on cognome_nome_laurea_aa.pdf (35 pages, 452785 bytes).
PDF statistics:
 546 PDF objects out of 1000 (max. 8388607)
 480 compressed objects within 5 object streams
 191 named destinations out of 1000 (max. 500000)
 165 words of extra memory for PDF output out of 10000 (max. 10000000)

