\BOOKMARK [0][-]{chapter*.2}{Sommario}{}% 1
\BOOKMARK [0][-]{chapter.1}{Introduction}{}% 2
\BOOKMARK [1][-]{section.1.1}{Inequalities}{chapter.1}% 3
\BOOKMARK [1][-]{section.1.2}{Common distributions}{chapter.1}% 4
\BOOKMARK [1][-]{section.1.3}{Linear Algebra}{chapter.1}% 5
\BOOKMARK [1][-]{section.1.4}{Multivariate analysis}{chapter.1}% 6
\BOOKMARK [1][-]{section.1.5}{Basic Concepts of Random Samples}{chapter.1}% 7
\BOOKMARK [0][-]{chapter.2}{Concentration Measure}{}% 8
\BOOKMARK [1][-]{section.2.1}{Concentration for sum of random variables}{chapter.2}% 9
\BOOKMARK [0][-]{chapter.3}{Likelihood Function}{}% 10
\BOOKMARK [1][-]{section.3.1}{Likekihood principles}{chapter.3}% 11
\BOOKMARK [1][-]{section.3.2}{Condition of Regularity}{chapter.3}% 12
\BOOKMARK [1][-]{section.3.3}{Properties of the Likelihood Function}{chapter.3}% 13
\BOOKMARK [1][-]{section.3.4}{Exponential Families}{chapter.3}% 14
\BOOKMARK [1][-]{section.3.5}{Natural Exponential Families}{chapter.3}% 15
\BOOKMARK [0][-]{chapter.4}{Statistics}{}% 16
\BOOKMARK [1][-]{section.4.1}{Estimators}{chapter.4}% 17
\BOOKMARK [1][-]{section.4.2}{Properties of Estimators}{chapter.4}% 18
\BOOKMARK [0][-]{chapter.5}{Exercises}{}% 19
\BOOKMARK [0][-]{ex.7}{Bibliografia}{}% 20
